<?xml version="1.0" encoding="UTF-8"?>
<!-- Generated by org.testng.reporters.JUnitReportReporter -->
<testsuite hostname="HamzehAbuAmer" failures="0" tests="4" name="myTestCases" time="10.388" errors="0" timestamp="2024-06-27T04:31:03 EET" skipped="0">
  <testcase classname="myTestCases" name="addData" time="0.423"/>
  <system-out/>
  <testcase classname="myTestCases" name="updateData" time="0.979"/>
  <system-out/>
  <testcase classname="myTestCases" name="getData" time="8.676"/>
  <system-out/>
  <testcase classname="myTestCases" name="DeleteData" time="0.310"/>
  <system-out/>
</testsuite> <!-- myTestCases -->
